-------------------------------------------------------------------------------
Test set: com.at.internship.finance.InvestmentTest
-------------------------------------------------------------------------------
Tests run: 1, Failures: 1, Errors: 0, Skipped: 0, Time elapsed: 0.032 sec <<< FAILURE! - in com.at.internship.finance.InvestmentTest
testGetFinalCapital  Time elapsed: 0.03 sec  <<< FAILURE!
org.opentest4j.AssertionFailedError: expected: <133.10> but was: <133.100000>
	at com.at.internship.finance.InvestmentTest.testGetFinalCapital(InvestmentTest.java:17)

